Build started 3/28/2021 9:11:16 PM.
     1>Project "E:\CSE_PROJECT\iGraphics\TriggoMark_1\TriggoMark_1.vcxproj" on node 2 (Build target(s)).
     1>C:\Program Files (x86)\MSBuild\Microsoft.Cpp\v4.0\V120\Microsoft.CppBuild.targets(381,5): warning MSB8028: The intermediate directory (Debug\) contains files shared from another project (Triggo.vcxproj).  This can lead to incorrect clean and rebuild behavior.
     1>ClCompile:
         C:\Program Files (x86)\Microsoft Visual Studio 12.0\VC\bin\CL.exe /c /ZI /nologo /W3 /WX- /sdl /Od /Oy- /D _MBCS /Gm /EHsc /RTC1 /MDd /GS /fp:precise /Zc:wchar_t /Zc:forScope /Fo"Debug\\" /Fd"Debug\vc120.pdb" /Gd /TP /analyze- /errorReport:prompt iMain.cpp
         iMain.cpp
     1>e:\cse_project\igraphics\triggomark_1\imain.cpp(430): warning C4101: 'mposx' : unreferenced local variable
     1>e:\cse_project\igraphics\triggomark_1\imain.cpp(399): warning C4101: 'index1' : unreferenced local variable
     1>e:\cse_project\igraphics\triggomark_1\imain.cpp(430): warning C4101: 'i' : unreferenced local variable
     1>e:\cse_project\igraphics\triggomark_1\imain.cpp(430): warning C4101: 'mposy' : unreferenced local variable
     1>e:\cse_project\igraphics\triggomark_1\imain.cpp(445): warning C4101: 'index' : unreferenced local variable
     1>e:\cse_project\igraphics\triggomark_1\imain.cpp(412): warning C4101: 'g11' : unreferenced local variable
     1>e:\cse_project\igraphics\triggomark_1\imain.cpp(446): warning C4101: 'flag' : unreferenced local variable
     1>e:\cse_project\igraphics\triggomark_1\imain.cpp(443): warning C4101: 'j10' : unreferenced local variable
     1>e:\cse_project\igraphics\triggomark_1\imain.cpp(430): warning C4101: 'j' : unreferenced local variable
       Link:
         C:\Program Files (x86)\Microsoft Visual Studio 12.0\VC\bin\link.exe /ERRORREPORT:PROMPT /OUT:"E:\CSE_PROJECT\iGraphics\TriggoMark_1\Debug\TriggoMark_1.exe" /INCREMENTAL /NOLOGO kernel32.lib user32.lib gdi32.lib winspool.lib comdlg32.lib advapi32.lib shell32.lib ole32.lib oleaut32.lib uuid.lib odbc32.lib odbccp32.lib /MANIFEST /MANIFESTUAC:"level='asInvoker' uiAccess='false'" /manifest:embed /DEBUG /PDB:"E:\CSE_PROJECT\iGraphics\TriggoMark_1\Debug\TriggoMark_1.pdb" /TLBID:1 /DYNAMICBASE /NXCOMPAT /IMPLIB:"E:\CSE_PROJECT\iGraphics\TriggoMark_1\Debug\TriggoMark_1.lib" /MACHINE:X86 Debug\iMain.obj
         TriggoMark_1.vcxproj -> E:\CSE_PROJECT\iGraphics\TriggoMark_1\Debug\TriggoMark_1.exe
     1>Done Building Project "E:\CSE_PROJECT\iGraphics\TriggoMark_1\TriggoMark_1.vcxproj" (Build target(s)).

Build succeeded.

Time Elapsed 00:00:01.81
